# JRE version: Java(TM) SE Runtime Environment (12.0.1+12) (build 12.0.1+12)
# Java VM: Java HotSpot(TM) 64-Bit Server VM (12.0.1+12, mixed mode, sharing, tiered, compressed oops, g1 gc, windows-amd64)
Heap:
 garbage-first heap   total 131072K, used 60995K [0x0000000080e00000, 0x0000000100000000)
  region size 1024K, 55 young (56320K), 4 survivors (4096K)
 Metaspace       used 19706K, capacity 20410K, committed 20608K, reserved 1067008K
  class space    used 2089K, capacity 2339K, committed 2432K, reserved 1048576K
GC Heap History (8 events):
Event: 1.029 GC heap before
{Heap before GC invocations=0 (full 0):
 garbage-first heap   total 131072K, used 24576K [0x0000000080e00000, 0x0000000100000000)
  region size 1024K, 24 young (24576K), 0 survivors (0K)
 Metaspace       used 8648K, capacity 8890K, committed 9088K, reserved 1056768K
  class space    used 971K, capacity 1045K, committed 1152K, reserved 1048576K
}
Event: 1.036 GC heap after
{Heap after GC invocations=1 (full 0):
 garbage-first heap   total 131072K, used 6240K [0x0000000080e00000, 0x0000000100000000)
  region size 1024K, 3 young (3072K), 3 survivors (3072K)
 Metaspace       used 8648K, capacity 8890K, committed 9088K, reserved 1056768K
  class space    used 971K, capacity 1045K, committed 1152K, reserved 1048576K
}
Event: 10.116 GC heap before
{Heap before GC invocations=1 (full 0):
 garbage-first heap   total 131072K, used 26720K [0x0000000080e00000, 0x0000000100000000)
  region size 1024K, 23 young (23552K), 3 survivors (3072K)
 Metaspace       used 13237K, capacity 13745K, committed 13824K, reserved 1060864K
  class space    used 1589K, capacity 1783K, committed 1792K, reserved 1048576K
}
Event: 10.124 GC heap after
{Heap after GC invocations=2 (full 0):
 garbage-first heap   total 131072K, used 8309K [0x0000000080e00000, 0x0000000100000000)
  region size 1024K, 2 young (2048K), 2 survivors (2048K)
 Metaspace       used 13237K, capacity 13745K, committed 13824K, reserved 1060864K
  class space    used 1589K, capacity 1783K, committed 1792K, reserved 1048576K
}
Event: 57.648 GC heap before
{Heap before GC invocations=2 (full 0):
 garbage-first heap   total 131072K, used 57461K [0x0000000080e00000, 0x0000000100000000)
  region size 1024K, 50 young (51200K), 2 survivors (2048K)
 Metaspace       used 18515K, capacity 19058K, committed 19200K, reserved 1067008K
  class space    used 2056K, capacity 2282K, committed 2304K, reserved 1048576K
}
Event: 57.651 GC heap after
{Heap after GC invocations=3 (full 0):
 garbage-first heap   total 131072K, used 9563K [0x0000000080e00000, 0x0000000100000000)
  region size 1024K, 4 young (4096K), 4 survivors (4096K)
 Metaspace       used 18515K, capacity 19058K, committed 19200K, reserved 1067008K
  class space    used 2056K, capacity 2282K, committed 2304K, reserved 1048576K
}
Event: 128.082 GC heap before
{Heap before GC invocations=3 (full 0):
 garbage-first heap   total 131072K, used 69979K [0x0000000080e00000, 0x0000000100000000)
  region size 1024K, 63 young (64512K), 4 survivors (4096K)
 Metaspace       used 19272K, capacity 19850K, committed 19968K, reserved 1067008K
  class space    used 2061K, capacity 2287K, committed 2304K, reserved 1048576K
}
Event: 128.090 GC heap after
{Heap after GC invocations=4 (full 0):
 garbage-first heap   total 131072K, used 9795K [0x0000000080e00000, 0x0000000100000000)
  region size 1024K, 4 young (4096K), 4 survivors (4096K)
 Metaspace       used 19272K, capacity 19850K, committed 19968K, reserved 1067008K
  class space    used 2061K, capacity 2287K, committed 2304K, reserved 1048576K
}

