# JRE version: Java(TM) SE Runtime Environment (12.0.1+12) (build 12.0.1+12)
# Java VM: Java HotSpot(TM) 64-Bit Server VM (12.0.1+12, mixed mode, sharing, tiered, compressed oops, g1 gc, windows-amd64)
Heap:
 garbage-first heap   total 131072K, used 46609K [0x0000000080e00000, 0x0000000100000000)
  region size 1024K, 41 young (41984K), 4 survivors (4096K)
 Metaspace       used 19670K, capacity 20346K, committed 20608K, reserved 1067008K
  class space    used 2090K, capacity 2339K, committed 2432K, reserved 1048576K
GC Heap History (6 events):
Event: 1.014 GC heap before
{Heap before GC invocations=0 (full 0):
 garbage-first heap   total 131072K, used 24576K [0x0000000080e00000, 0x0000000100000000)
  region size 1024K, 24 young (24576K), 0 survivors (0K)
 Metaspace       used 8671K, capacity 8890K, committed 9088K, reserved 1056768K
  class space    used 969K, capacity 1045K, committed 1152K, reserved 1048576K
}
Event: 1.020 GC heap after
{Heap after GC invocations=1 (full 0):
 garbage-first heap   total 131072K, used 6236K [0x0000000080e00000, 0x0000000100000000)
  region size 1024K, 3 young (3072K), 3 survivors (3072K)
 Metaspace       used 8671K, capacity 8890K, committed 9088K, reserved 1056768K
  class space    used 969K, capacity 1045K, committed 1152K, reserved 1048576K
}
Event: 61.873 GC heap before
{Heap before GC invocations=1 (full 0):
 garbage-first heap   total 131072K, used 80988K [0x0000000080e00000, 0x0000000100000000)
  region size 1024K, 76 young (77824K), 3 survivors (3072K)
 Metaspace       used 18570K, capacity 19139K, committed 19200K, reserved 1067008K
  class space    used 2059K, capacity 2284K, committed 2304K, reserved 1048576K
}
Event: 61.886 GC heap after
{Heap after GC invocations=2 (full 0):
 garbage-first heap   total 131072K, used 9588K [0x0000000080e00000, 0x0000000100000000)
  region size 1024K, 7 young (7168K), 7 survivors (7168K)
 Metaspace       used 18570K, capacity 19139K, committed 19200K, reserved 1067008K
  class space    used 2059K, capacity 2284K, committed 2304K, reserved 1048576K
}
Event: 143.511 GC heap before
{Heap before GC invocations=2 (full 0):
 garbage-first heap   total 131072K, used 80244K [0x0000000080e00000, 0x0000000100000000)
  region size 1024K, 76 young (77824K), 7 survivors (7168K)
 Metaspace       used 19409K, capacity 20049K, committed 20224K, reserved 1067008K
  class space    used 2062K, capacity 2289K, committed 2304K, reserved 1048576K
}
Event: 143.516 GC heap after
{Heap after GC invocations=3 (full 0):
 garbage-first heap   total 131072K, used 9745K [0x0000000080e00000, 0x0000000100000000)
  region size 1024K, 4 young (4096K), 4 survivors (4096K)
 Metaspace       used 19409K, capacity 20049K, committed 20224K, reserved 1067008K
  class space    used 2062K, capacity 2289K, committed 2304K, reserved 1048576K
}

